app/build/intermediates/manifest_merge_blame_file/debug/processDebugMainManifest/manifest-merger-blame-debug-report.txt
1<?xml version="1.0" encoding="utf-8"?>
2<manifest xmlns:android="http://schemas.android.com/apk/res/android"
3    package="com.example.emailapplication"
4    android:versionCode="1"
5    android:versionName="1.0" >
6
7    <uses-sdk
8        android:minSdkVersion="21"
9        android:targetSdkVersion="33" />
10
11    <application
11-->src\main\AndroidManifest.xml:5:5-45:19
12        android:allowBackup="true"
12-->src\main\AndroidManifest.xml:6:9-35
13        android:appComponentFactory="androidx.core.app.CoreComponentFactory"
13-->[androidx.core:core:1.7.0] AndroidManifest.xml:24:18-86
14        android:dataExtractionRules="@xml/data_extraction_rules"
14-->src\main\AndroidManifest.xml:7:9-65
15        android:debuggable="true"
16        android:extractNativeLibs="true"
17        android:fullBackupContent="@xml/backup_rules"
17-->src\main\AndroidManifest.xml:8:9-54
18        android:icon="@mipmap/ic_launcher"
18-->src\main\AndroidManifest.xml:9:9-43
19        android:label="@string/app_name"
19-->src\main\AndroidManifest.xml:10:9-41
20        android:supportsRtl="true"
20-->src\main\AndroidManifest.xml:11:9-35
21        android:testOnly="true"
22        android:theme="@style/Theme.EmailApplication" >
22-->src\main\AndroidManifest.xml:12:9-54
23        <activity
23-->src\main\AndroidManifest.xml:14:9-18:61
24            android:name="com.example.emailapplication.RegisterActivity"
24-->src\main\AndroidManifest.xml:15:13-45
25            android:exported="false"
25-->src\main\AndroidManifest.xml:16:13-37
26            android:label="@string/title_activity_register"
26-->src\main\AndroidManifest.xml:17:13-60
27            android:theme="@style/Theme.EmailApplication" />
27-->src\main\AndroidManifest.xml:18:13-58
28        <activity
28-->src\main\AndroidManifest.xml:19:9-23:61
29            android:name="com.example.emailapplication.MainActivity"
29-->src\main\AndroidManifest.xml:20:13-41
30            android:exported="false"
30-->src\main\AndroidManifest.xml:21:13-37
31            android:label="MainActivity"
31-->src\main\AndroidManifest.xml:22:13-41
32            android:theme="@style/Theme.EmailApplication" />
32-->src\main\AndroidManifest.xml:23:13-58
33        <activity
33-->src\main\AndroidManifest.xml:24:9-28:61
34            android:name="com.example.emailapplication.ViewMailActivity"
34-->src\main\AndroidManifest.xml:25:13-45
35            android:exported="false"
35-->src\main\AndroidManifest.xml:26:13-37
36            android:label="@string/title_activity_view_mail"
36-->src\main\AndroidManifest.xml:27:13-61
37            android:theme="@style/Theme.EmailApplication" />
37-->src\main\AndroidManifest.xml:28:13-58
38        <activity
38-->src\main\AndroidManifest.xml:29:9-33:61
39            android:name="com.example.emailapplication.SendMailActivity"
39-->src\main\AndroidManifest.xml:30:13-45
40            android:exported="false"
40-->src\main\AndroidManifest.xml:31:13-37
41            android:label="@string/title_activity_send_mail"
41-->src\main\AndroidManifest.xml:32:13-61
42            android:theme="@style/Theme.EmailApplication" />
42-->src\main\AndroidManifest.xml:33:13-58
43        <activity
43-->src\main\AndroidManifest.xml:34:9-44:20
44            android:name="com.example.emailapplication.LoginActivity"
44-->src\main\AndroidManifest.xml:35:13-42
45            android:exported="true"
45-->src\main\AndroidManifest.xml:36:13-36
46            android:label="@string/app_name"
46-->src\main\AndroidManifest.xml:37:13-45
47            android:theme="@style/Theme.EmailApplication" >
47-->src\main\AndroidManifest.xml:38:13-58
48            <intent-filter>
48-->src\main\AndroidManifest.xml:39:13-43:29
49                <action android:name="android.intent.action.MAIN" />
49-->src\main\AndroidManifest.xml:40:17-69
49-->src\main\AndroidManifest.xml:40:25-66
50
51                <category android:name="android.intent.category.LAUNCHER" />
51-->src\main\AndroidManifest.xml:42:17-77
51-->src\main\AndroidManifest.xml:42:27-74
52            </intent-filter>
53        </activity>
54
55        <service
55-->[androidx.room:room-runtime:2.5.0] AndroidManifest.xml:24:9-28:63
56            android:name="androidx.room.MultiInstanceInvalidationService"
56-->[androidx.room:room-runtime:2.5.0] AndroidManifest.xml:25:13-74
57            android:directBootAware="true"
57-->[androidx.room:room-runtime:2.5.0] AndroidManifest.xml:26:13-43
58            android:exported="false" />
58-->[androidx.room:room-runtime:2.5.0] AndroidManifest.xml:27:13-37
59
60        <activity
60-->[androidx.compose.ui:ui-tooling:1.2.0] AndroidManifest.xml:24:9-26:39
61            android:name="androidx.compose.ui.tooling.PreviewActivity"
61-->[androidx.compose.ui:ui-tooling:1.2.0] AndroidManifest.xml:25:13-71
62            android:exported="true" />
62-->[androidx.compose.ui:ui-tooling:1.2.0] AndroidManifest.xml:26:13-36
63        <activity
63-->[androidx.compose.ui:ui-test-manifest:1.2.0] AndroidManifest.xml:24:9-26:39
64            android:name="androidx.activity.ComponentActivity"
64-->[androidx.compose.ui:ui-test-manifest:1.2.0] AndroidManifest.xml:25:13-63
65            android:exported="true" />
65-->[androidx.compose.ui:ui-test-manifest:1.2.0] AndroidManifest.xml:26:13-36
66
67        <provider
67-->[androidx.profileinstaller:profileinstaller:1.2.0] AndroidManifest.xml:25:9-33:20
68            android:name="androidx.startup.InitializationProvider"
68-->[androidx.profileinstaller:profileinstaller:1.2.0] AndroidManifest.xml:26:13-67
69            android:authorities="com.example.emailapplication.androidx-startup"
69-->[androidx.profileinstaller:profileinstaller:1.2.0] AndroidManifest.xml:27:13-68
70            android:exported="false" >
70-->[androidx.profileinstaller:profileinstaller:1.2.0] AndroidManifest.xml:28:13-37
71            <meta-data
71-->[androidx.profileinstaller:profileinstaller:1.2.0] AndroidManifest.xml:30:13-32:52
72                android:name="androidx.profileinstaller.ProfileInstallerInitializer"
72-->[androidx.profileinstaller:profileinstaller:1.2.0] AndroidManifest.xml:31:17-85
73                android:value="androidx.startup" />
73-->[androidx.profileinstaller:profileinstaller:1.2.0] AndroidManifest.xml:32:17-49
74        </provider>
75
76        <receiver
76-->[androidx.profileinstaller:profileinstaller:1.2.0] AndroidManifest.xml:35:9-47:20
77            android:name="androidx.profileinstaller.ProfileInstallReceiver"
77-->[androidx.profileinstaller:profileinstaller:1.2.0] AndroidManifest.xml:36:13-76
78            android:directBootAware="false"
78-->[androidx.profileinstaller:profileinstaller:1.2.0] AndroidManifest.xml:37:13-44
79            android:enabled="true"
79-->[androidx.profileinstaller:profileinstaller:1.2.0] AndroidManifest.xml:38:13-35
80            android:exported="true"
80-->[androidx.profileinstaller:profileinstaller:1.2.0] AndroidManifest.xml:39:13-36
81            android:permission="android.permission.DUMP" >
81-->[androidx.profileinstaller:profileinstaller:1.2.0] AndroidManifest.xml:40:13-57
82            <intent-filter>
82-->[androidx.profileinstaller:profileinstaller:1.2.0] AndroidManifest.xml:41:13-43:29
83                <action android:name="androidx.profileinstaller.action.INSTALL_PROFILE" />
83-->[androidx.profileinstaller:profileinstaller:1.2.0] AndroidManifest.xml:42:17-91
83-->[androidx.profileinstaller:profileinstaller:1.2.0] AndroidManifest.xml:42:25-88
84            </intent-filter>
85            <intent-filter>
85-->[androidx.profileinstaller:profileinstaller:1.2.0] AndroidManifest.xml:44:13-46:29
86                <action android:name="androidx.profileinstaller.action.SKIP_FILE" />
86-->[androidx.profileinstaller:profileinstaller:1.2.0] AndroidManifest.xml:45:17-85
86-->[androidx.profileinstaller:profileinstaller:1.2.0] AndroidManifest.xml:45:25-82
87            </intent-filter>
88        </receiver>
89    </application>
90
91</manifest>